<?xml version="1.0" encoding="UTF-8"?>
<!-- Generated by org.testng.reporters.JUnitXMLReporter -->
<testsuite hostname="VDX3795" name="com.selenium.tests.Fiber" tests="4" failures="0" timestamp="12 Sep 2017 06:43:48 GMT" time="0.495" errors="0">
  <testcase name="@BeforeClass init" time="0.0" classname="com.selenium.tests.Fiber.FiberconnectionTest">
    <failure type="java.lang.NoClassDefFoundError" message="ch/qos/logback/core/joran/spi/JoranException">
      <![CDATA[java.lang.NoClassDefFoundError: ch/qos/logback/core/joran/spi/JoranException
	at org.slf4j.LoggerFactory.bind(LoggerFactory.java:128)
	at org.slf4j.LoggerFactory.performInitialization(LoggerFactory.java:107)
	at org.slf4j.LoggerFactory.getILoggerFactory(LoggerFactory.java:295)
	at org.slf4j.LoggerFactory.getLogger(LoggerFactory.java:269)
	at org.slf4j.LoggerFactory.getLogger(LoggerFactory.java:281)
	at com.selenium.helpers.GenericTest.<init>(GenericTest.java:45)
	at com.selenium.helpers.EnvironmentProperties.<init>(EnvironmentProperties.java:13)
	at com.selenium.helpers.GenericTest.<clinit>(GenericTest.java:46)
	at com.selenium.helpers.ExtentReportUtil.init(ExtentReportUtil.java:109)
	at sun.reflect.NativeMethodAccessorImpl.invoke0(Native Method)
	at sun.reflect.NativeMethodAccessorImpl.invoke(Unknown Source)
	at sun.reflect.DelegatingMethodAccessorImpl.invoke(Unknown Source)
	at java.lang.reflect.Method.invoke(Unknown Source)
	at org.testng.internal.MethodInvocationHelper.invokeMethod(MethodInvocationHelper.java:85)
	at org.testng.internal.Invoker.invokeConfigurationMethod(Invoker.java:510)
	at org.testng.internal.Invoker.invokeConfigurations(Invoker.java:211)
	at org.testng.internal.Invoker.invokeConfigurations(Invoker.java:138)
	at org.testng.internal.TestMethodWorker.invokeBeforeClassMethods(TestMethodWorker.java:170)
	at org.testng.internal.TestMethodWorker.run(TestMethodWorker.java:104)
	at org.testng.TestRunner.privateRun(TestRunner.java:774)
	at org.testng.TestRunner.run(TestRunner.java:624)
	at org.testng.SuiteRunner.runTest(SuiteRunner.java:359)
	at org.testng.SuiteRunner.runSequentially(SuiteRunner.java:354)
	at org.testng.SuiteRunner.privateRun(SuiteRunner.java:312)
	at org.testng.SuiteRunner.run(SuiteRunner.java:261)
	at org.testng.SuiteRunnerWorker.runSuite(SuiteRunnerWorker.java:52)
	at org.testng.SuiteRunnerWorker.run(SuiteRunnerWorker.java:86)
	at org.testng.TestNG.runSuitesSequentially(TestNG.java:1215)
	at org.testng.TestNG.runSuitesLocally(TestNG.java:1140)
	at org.testng.TestNG.run(TestNG.java:1048)
	at org.testng.remote.AbstractRemoteTestNG.run(AbstractRemoteTestNG.java:132)
	at org.testng.remote.RemoteTestNG.initAndRun(RemoteTestNG.java:230)
	at org.testng.remote.RemoteTestNG.main(RemoteTestNG.java:76)
Caused by: java.lang.ClassNotFoundException: ch.qos.logback.core.joran.spi.JoranException
	at java.net.URLClassLoader.findClass(Unknown Source)
	at java.lang.ClassLoader.loadClass(Unknown Source)
	at sun.misc.Launcher$AppClassLoader.loadClass(Unknown Source)
	at java.lang.ClassLoader.loadClass(Unknown Source)
	... 33 more
]]>
    </failure>
  </testcase> <!-- @BeforeClass init -->
  <testcase name="@BeforeMethod beforeMethod" time="0.0" classname="com.selenium.tests.Fiber.FiberconnectionTest">
    <skipped/>
  </testcase> <!-- @BeforeMethod beforeMethod -->
  <testcase name="@AfterMethod afterMethod" time="0.0" classname="com.selenium.tests.Fiber.FiberconnectionTest">
    <skipped/>
  </testcase> <!-- @AfterMethod afterMethod -->
  <testcase name="@AfterClass afterTest" time="0.0" classname="com.selenium.tests.Fiber.FiberconnectionTest">
    <skipped/>
  </testcase> <!-- @AfterClass afterTest -->
  <testcase name="@BeforeClass init" time="0.0" classname="com.selenium.tests.Fiber.MySparkonlineTest">
    <skipped/>
  </testcase> <!-- @BeforeClass init -->
  <testcase name="@BeforeMethod beforeMethod" time="0.0" classname="com.selenium.tests.Fiber.MySparkonlineTest">
    <skipped/>
  </testcase> <!-- @BeforeMethod beforeMethod -->
  <testcase name="@AfterMethod afterMethod" time="0.0" classname="com.selenium.tests.Fiber.MySparkonlineTest">
    <skipped/>
  </testcase> <!-- @AfterMethod afterMethod -->
  <testcase name="@AfterClass afterTest" time="0.0" classname="com.selenium.tests.Fiber.MySparkonlineTest">
    <skipped/>
  </testcase> <!-- @AfterClass afterTest -->
  <testcase name="@BeforeClass init" time="0.0" classname="com.selenium.tests.Fiber.MySparkTest">
    <skipped/>
  </testcase> <!-- @BeforeClass init -->
  <testcase name="@BeforeMethod beforeMethod" time="0.0" classname="com.selenium.tests.Fiber.MySparkTest">
    <skipped/>
  </testcase> <!-- @BeforeMethod beforeMethod -->
  <testcase name="@AfterMethod afterMethod" time="0.0" classname="com.selenium.tests.Fiber.MySparkTest">
    <skipped/>
  </testcase> <!-- @AfterMethod afterMethod -->
  <testcase name="@AfterClass afterTest" time="0.0" classname="com.selenium.tests.Fiber.MySparkTest">
    <skipped/>
  </testcase> <!-- @AfterClass afterTest -->
  <testcase name="@BeforeClass init" time="0.0" classname="com.selenium.tests.Fiber.NPMSPortTest">
    <skipped/>
  </testcase> <!-- @BeforeClass init -->
  <testcase name="@BeforeMethod beforeMethod" time="0.0" classname="com.selenium.tests.Fiber.NPMSPortTest">
    <skipped/>
  </testcase> <!-- @BeforeMethod beforeMethod -->
  <testcase name="@AfterMethod afterMethod" time="0.0" classname="com.selenium.tests.Fiber.NPMSPortTest">
    <skipped/>
  </testcase> <!-- @AfterMethod afterMethod -->
  <testcase name="@AfterClass afterTest" time="0.0" classname="com.selenium.tests.Fiber.NPMSPortTest">
    <skipped/>
  </testcase> <!-- @AfterClass afterTest -->
  <testcase name="FiberconnectionTest" time="0.003" classname="com.selenium.tests.Fiber.FiberconnectionTest">
    <skipped/>
  </testcase> <!-- FiberconnectionTest -->
  <testcase name="FiberconnectionTest" time="0.004" classname="com.selenium.tests.Fiber.MySparkonlineTest">
    <skipped/>
  </testcase> <!-- FiberconnectionTest -->
  <testcase name="FiberconnectionTest" time="0.003" classname="com.selenium.tests.Fiber.MySparkTest">
    <skipped/>
  </testcase> <!-- FiberconnectionTest -->
  <testcase name="FiberconnectionTest" time="0.0" classname="com.selenium.tests.Fiber.NPMSPortTest">
    <skipped/>
  </testcase> <!-- FiberconnectionTest -->
</testsuite> <!-- com.selenium.tests.Fiber -->
