<?xml version="1.0" encoding="UTF-8"?>
<testng-results skipped="0" failed="1" total="1" passed="0">
  <reporter-output>
  </reporter-output>
  <suite name="Default suite" duration-ms="54219" started-at="2017-10-10T08:31:34Z" finished-at="2017-10-10T08:32:28Z">
    <groups>
    </groups>
    <test name="Default test" duration-ms="54219" started-at="2017-10-10T08:31:34Z" finished-at="2017-10-10T08:32:28Z">
      <class name="com.selenium.tests.OrderManagement.ORderManagementTest">
        <test-method status="PASS" signature="init()[pri:0, instance:com.selenium.tests.OrderManagement.ORderManagementTest@42e26948]" name="init" is-config="true" duration-ms="858" started-at="2017-10-10T14:01:34Z" finished-at="2017-10-10T14:01:35Z">
          <reporter-output>
          </reporter-output>
        </test-method> <!-- init -->
        <test-method status="FAIL" signature="createNewconnect()[pri:0, instance:com.selenium.tests.OrderManagement.ORderManagementTest@42e26948]" name="createNewconnect" duration-ms="52455" started-at="2017-10-10T14:01:35Z" finished-at="2017-10-10T14:02:27Z">
          <exception class="org.openqa.selenium.WebDriverException">
            <message>
              <![CDATA[Failed to connect to binary FirefoxBinary(C:\Program Files (x86)\Mozilla Firefox\firefox.exe) on port 7056; process output follows: 
006	addons.xpi	DEBUG	getInstallState changed: false, state: {"app-profile":{"fxdriver@googlecode.com":{"d":"C:\\Users\\T967197\\AppData\\Local\\Temp\\anonymous3704883559482809364webdriver-profile\\extensions\\fxdriver@googlecode.com","e":false,"v":"2.45.0","st":1507624298639,"mt":1507624298467}},"app-system-defaults":{"e10srollout@mozilla.org":{"d":"C:\\Program Files (x86)\\Mozilla Firefox\\browser\\features\\e10srollout@mozilla.org.xpi","e":true,"v":"1.0","st":1461279552000},"firefox@getpocket.com":{"d":"C:\\Program Files (x86)\\Mozilla Firefox\\browser\\features\\firefox@getpocket.com.xpi","e":true,"v":"1.0","st":1461279552000},"loop@mozilla.org":{"d":"C:\\Program Files (x86)\\Mozilla Firefox\\browser\\features\\loop@mozilla.org.xpi","e":true,"v":"1.2.6","st":1461279552000}},"app-global":{"{972ce4c6-7e08-4474-a285-3208198ce6fd}":{"d":"C:\\Program Files (x86)\\Mozilla Firefox\\browser\\extensions\\{972ce4c6-7e08-4474-a285-3208198ce6fd}.xpi","e":true,"v":"46.0","st":1461279552000}}}
1507624303008	addons.xpi	DEBUG	No changes found
1507624303015	addons.xpi	DEBUG	Registering manifest for C:\Program Files (x86)\Mozilla Firefox\browser\features\e10srollout@mozilla.org.xpi
1507624303015	addons.xpi	DEBUG	Loading bootstrap scope from C:\Program Files (x86)\Mozilla Firefox\browser\features\e10srollout@mozilla.org.xpi
1507624303027	addons.xpi	DEBUG	Calling bootstrap method startup on e10srollout@mozilla.org version 1.0
1507624303028	addons.xpi	DEBUG	Registering manifest for C:\Program Files (x86)\Mozilla Firefox\browser\features\firefox@getpocket.com.xpi
1507624303029	addons.xpi	DEBUG	Loading bootstrap scope from C:\Program Files (x86)\Mozilla Firefox\browser\features\firefox@getpocket.com.xpi
1507624303032	addons.xpi	DEBUG	Calling bootstrap method startup on firefox@getpocket.com version 1.0
1507624303040	addons.xpi-utils	DEBUG	Starting async load of XPI database C:\Users\T967197\AppData\Local\Temp\anonymous3704883559482809364webdriver-profile\extensions.json
1507624303041	addons.xpi	DEBUG	Registering manifest for C:\Program Files (x86)\Mozilla Firefox\browser\features\loop@mozilla.org.xpi
1507624303042	addons.xpi	DEBUG	Loading bootstrap scope from C:\Program Files (x86)\Mozilla Firefox\browser\features\loop@mozilla.org.xpi
1507624303046	addons.xpi	DEBUG	Calling bootstrap method startup on loop@mozilla.org version 1.2.6
1507624303075	addons.manager	DEBUG	Registering shutdown blocker for XPIProvider
1507624303075	addons.manager	DEBUG	Provider finished startup: XPIProvider
1507624303075	addons.manager	DEBUG	Starting provider: LightweightThemeManager
1507624303075	addons.manager	DEBUG	Registering shutdown blocker for LightweightThemeManager
1507624303075	addons.manager	DEBUG	Provider finished startup: LightweightThemeManager
1507624303076	addons.manager	DEBUG	Starting provider: GMPProvider
1507624303083	addons.manager	DEBUG	Registering shutdown blocker for GMPProvider
1507624303084	addons.manager	DEBUG	Provider finished startup: GMPProvider
1507624303084	addons.manager	DEBUG	Starting provider: PluginProvider
1507624303084	addons.manager	DEBUG	Registering shutdown blocker for PluginProvider
1507624303084	addons.manager	DEBUG	Provider finished startup: PluginProvider
1507624303085	addons.manager	DEBUG	Completed startup sequence
1507624303342	addons.xpi-utils	DEBUG	Async JSON file read took 0 MS
1507624303342	addons.xpi-utils	DEBUG	Finished async read of XPI database, parsing...
1507624303344	addons.xpi-utils	DEBUG	Successfully read XPI database
1507624303356	addons.manager	DEBUG	Starting provider: <unnamed-provider>
1507624303356	addons.manager	DEBUG	Registering shutdown blocker for <unnamed-provider>
1507624303356	addons.manager	DEBUG	Provider finished startup: <unnamed-provider>
*** Blocklist::_loadBlocklistFromFile: blocklist is disabled
1507624303631	addons.manager	DEBUG	Starting provider: PreviousExperimentProvider
1507624303631	addons.manager	DEBUG	Registering shutdown blocker for PreviousExperimentProvider
1507624303631	addons.manager	DEBUG	Provider finished startup: PreviousExperimentProvider

Build info: version: '2.45.0', revision: '5017cb8e7ca8e37638dc3091b2440b90a1d8686f', time: '2015-02-27 09:10:26'
System info: host: 'VDX3352', ip: '10.236.145.205', os.name: 'Windows 7', os.arch: 'amd64', os.version: '6.1', java.version: '1.8.0_141'
Driver info: driver.version: FirefoxDriver]]>
            </message>
            <full-stacktrace>
              <![CDATA[org.openqa.selenium.WebDriverException: Failed to connect to binary FirefoxBinary(C:\Program Files (x86)\Mozilla Firefox\firefox.exe) on port 7056; process output follows: 
006	addons.xpi	DEBUG	getInstallState changed: false, state: {"app-profile":{"fxdriver@googlecode.com":{"d":"C:\\Users\\T967197\\AppData\\Local\\Temp\\anonymous3704883559482809364webdriver-profile\\extensions\\fxdriver@googlecode.com","e":false,"v":"2.45.0","st":1507624298639,"mt":1507624298467}},"app-system-defaults":{"e10srollout@mozilla.org":{"d":"C:\\Program Files (x86)\\Mozilla Firefox\\browser\\features\\e10srollout@mozilla.org.xpi","e":true,"v":"1.0","st":1461279552000},"firefox@getpocket.com":{"d":"C:\\Program Files (x86)\\Mozilla Firefox\\browser\\features\\firefox@getpocket.com.xpi","e":true,"v":"1.0","st":1461279552000},"loop@mozilla.org":{"d":"C:\\Program Files (x86)\\Mozilla Firefox\\browser\\features\\loop@mozilla.org.xpi","e":true,"v":"1.2.6","st":1461279552000}},"app-global":{"{972ce4c6-7e08-4474-a285-3208198ce6fd}":{"d":"C:\\Program Files (x86)\\Mozilla Firefox\\browser\\extensions\\{972ce4c6-7e08-4474-a285-3208198ce6fd}.xpi","e":true,"v":"46.0","st":1461279552000}}}
1507624303008	addons.xpi	DEBUG	No changes found
1507624303015	addons.xpi	DEBUG	Registering manifest for C:\Program Files (x86)\Mozilla Firefox\browser\features\e10srollout@mozilla.org.xpi
1507624303015	addons.xpi	DEBUG	Loading bootstrap scope from C:\Program Files (x86)\Mozilla Firefox\browser\features\e10srollout@mozilla.org.xpi
1507624303027	addons.xpi	DEBUG	Calling bootstrap method startup on e10srollout@mozilla.org version 1.0
1507624303028	addons.xpi	DEBUG	Registering manifest for C:\Program Files (x86)\Mozilla Firefox\browser\features\firefox@getpocket.com.xpi
1507624303029	addons.xpi	DEBUG	Loading bootstrap scope from C:\Program Files (x86)\Mozilla Firefox\browser\features\firefox@getpocket.com.xpi
1507624303032	addons.xpi	DEBUG	Calling bootstrap method startup on firefox@getpocket.com version 1.0
1507624303040	addons.xpi-utils	DEBUG	Starting async load of XPI database C:\Users\T967197\AppData\Local\Temp\anonymous3704883559482809364webdriver-profile\extensions.json
1507624303041	addons.xpi	DEBUG	Registering manifest for C:\Program Files (x86)\Mozilla Firefox\browser\features\loop@mozilla.org.xpi
1507624303042	addons.xpi	DEBUG	Loading bootstrap scope from C:\Program Files (x86)\Mozilla Firefox\browser\features\loop@mozilla.org.xpi
1507624303046	addons.xpi	DEBUG	Calling bootstrap method startup on loop@mozilla.org version 1.2.6
1507624303075	addons.manager	DEBUG	Registering shutdown blocker for XPIProvider
1507624303075	addons.manager	DEBUG	Provider finished startup: XPIProvider
1507624303075	addons.manager	DEBUG	Starting provider: LightweightThemeManager
1507624303075	addons.manager	DEBUG	Registering shutdown blocker for LightweightThemeManager
1507624303075	addons.manager	DEBUG	Provider finished startup: LightweightThemeManager
1507624303076	addons.manager	DEBUG	Starting provider: GMPProvider
1507624303083	addons.manager	DEBUG	Registering shutdown blocker for GMPProvider
1507624303084	addons.manager	DEBUG	Provider finished startup: GMPProvider
1507624303084	addons.manager	DEBUG	Starting provider: PluginProvider
1507624303084	addons.manager	DEBUG	Registering shutdown blocker for PluginProvider
1507624303084	addons.manager	DEBUG	Provider finished startup: PluginProvider
1507624303085	addons.manager	DEBUG	Completed startup sequence
1507624303342	addons.xpi-utils	DEBUG	Async JSON file read took 0 MS
1507624303342	addons.xpi-utils	DEBUG	Finished async read of XPI database, parsing...
1507624303344	addons.xpi-utils	DEBUG	Successfully read XPI database
1507624303356	addons.manager	DEBUG	Starting provider: <unnamed-provider>
1507624303356	addons.manager	DEBUG	Registering shutdown blocker for <unnamed-provider>
1507624303356	addons.manager	DEBUG	Provider finished startup: <unnamed-provider>
*** Blocklist::_loadBlocklistFromFile: blocklist is disabled
1507624303631	addons.manager	DEBUG	Starting provider: PreviousExperimentProvider
1507624303631	addons.manager	DEBUG	Registering shutdown blocker for PreviousExperimentProvider
1507624303631	addons.manager	DEBUG	Provider finished startup: PreviousExperimentProvider

Build info: version: '2.45.0', revision: '5017cb8e7ca8e37638dc3091b2440b90a1d8686f', time: '2015-02-27 09:10:26'
System info: host: 'VDX3352', ip: '10.236.145.205', os.name: 'Windows 7', os.arch: 'amd64', os.version: '6.1', java.version: '1.8.0_141'
Driver info: driver.version: FirefoxDriver
	at org.openqa.selenium.firefox.internal.NewProfileExtensionConnection.start(NewProfileExtensionConnection.java:130)
	at org.openqa.selenium.firefox.FirefoxDriver.startClient(FirefoxDriver.java:246)
	at org.openqa.selenium.remote.RemoteWebDriver.<init>(RemoteWebDriver.java:114)
	at org.openqa.selenium.firefox.FirefoxDriver.<init>(FirefoxDriver.java:191)
	at org.openqa.selenium.firefox.FirefoxDriver.<init>(FirefoxDriver.java:186)
	at org.openqa.selenium.firefox.FirefoxDriver.<init>(FirefoxDriver.java:182)
	at org.openqa.selenium.firefox.FirefoxDriver.<init>(FirefoxDriver.java:95)
	at com.selenium.helpers.GenericTest.<init>(GenericTest.java:68)
	at com.selenium.helpers.Page.<init>(Page.java:99)
	at com.selenium.reusableFunctions.LoginPage.<init>(LoginPage.java:41)
	at com.selenium.tests.OrderManagement.ORderManagementTest.createNewconnect(ORderManagementTest.java:55)
	at sun.reflect.NativeMethodAccessorImpl.invoke0(Native Method)
	at sun.reflect.NativeMethodAccessorImpl.invoke(NativeMethodAccessorImpl.java:62)
	at sun.reflect.DelegatingMethodAccessorImpl.invoke(DelegatingMethodAccessorImpl.java:43)
	at java.lang.reflect.Method.invoke(Method.java:498)
	at org.testng.internal.MethodInvocationHelper.invokeMethod(MethodInvocationHelper.java:85)
	at org.testng.internal.Invoker.invokeMethod(Invoker.java:639)
	at org.testng.internal.Invoker.invokeTestMethod(Invoker.java:821)
	at org.testng.internal.Invoker.invokeTestMethods(Invoker.java:1131)
	at org.testng.internal.TestMethodWorker.invokeTestMethods(TestMethodWorker.java:124)
	at org.testng.internal.TestMethodWorker.run(TestMethodWorker.java:108)
	at org.testng.TestRunner.privateRun(TestRunner.java:773)
	at org.testng.TestRunner.run(TestRunner.java:623)
	at org.testng.SuiteRunner.runTest(SuiteRunner.java:357)
	at org.testng.SuiteRunner.runSequentially(SuiteRunner.java:352)
	at org.testng.SuiteRunner.privateRun(SuiteRunner.java:310)
	at org.testng.SuiteRunner.run(SuiteRunner.java:259)
	at org.testng.SuiteRunnerWorker.runSuite(SuiteRunnerWorker.java:52)
	at org.testng.SuiteRunnerWorker.run(SuiteRunnerWorker.java:86)
	at org.testng.TestNG.runSuitesSequentially(TestNG.java:1185)
	at org.testng.TestNG.runSuitesLocally(TestNG.java:1110)
	at org.testng.TestNG.run(TestNG.java:1018)
	at org.testng.remote.AbstractRemoteTestNG.run(AbstractRemoteTestNG.java:132)
	at org.testng.remote.RemoteTestNG.initAndRun(RemoteTestNG.java:230)
	at org.testng.remote.RemoteTestNG.main(RemoteTestNG.java:76)
Caused by: org.openqa.selenium.firefox.NotConnectedException: Unable to connect to host 127.0.0.1 on port 7056 after 45000 ms. Firefox console output:
006	addons.xpi	DEBUG	getInstallState changed: false, state: {"app-profile":{"fxdriver@googlecode.com":{"d":"C:\\Users\\T967197\\AppData\\Local\\Temp\\anonymous3704883559482809364webdriver-profile\\extensions\\fxdriver@googlecode.com","e":false,"v":"2.45.0","st":1507624298639,"mt":1507624298467}},"app-system-defaults":{"e10srollout@mozilla.org":{"d":"C:\\Program Files (x86)\\Mozilla Firefox\\browser\\features\\e10srollout@mozilla.org.xpi","e":true,"v":"1.0","st":1461279552000},"firefox@getpocket.com":{"d":"C:\\Program Files (x86)\\Mozilla Firefox\\browser\\features\\firefox@getpocket.com.xpi","e":true,"v":"1.0","st":1461279552000},"loop@mozilla.org":{"d":"C:\\Program Files (x86)\\Mozilla Firefox\\browser\\features\\loop@mozilla.org.xpi","e":true,"v":"1.2.6","st":1461279552000}},"app-global":{"{972ce4c6-7e08-4474-a285-3208198ce6fd}":{"d":"C:\\Program Files (x86)\\Mozilla Firefox\\browser\\extensions\\{972ce4c6-7e08-4474-a285-3208198ce6fd}.xpi","e":true,"v":"46.0","st":1461279552000}}}
1507624303008	addons.xpi	DEBUG	No changes found
1507624303015	addons.xpi	DEBUG	Registering manifest for C:\Program Files (x86)\Mozilla Firefox\browser\features\e10srollout@mozilla.org.xpi
1507624303015	addons.xpi	DEBUG	Loading bootstrap scope from C:\Program Files (x86)\Mozilla Firefox\browser\features\e10srollout@mozilla.org.xpi
1507624303027	addons.xpi	DEBUG	Calling bootstrap method startup on e10srollout@mozilla.org version 1.0
1507624303028	addons.xpi	DEBUG	Registering manifest for C:\Program Files (x86)\Mozilla Firefox\browser\features\firefox@getpocket.com.xpi
1507624303029	addons.xpi	DEBUG	Loading bootstrap scope from C:\Program Files (x86)\Mozilla Firefox\browser\features\firefox@getpocket.com.xpi
1507624303032	addons.xpi	DEBUG	Calling bootstrap method startup on firefox@getpocket.com version 1.0
1507624303040	addons.xpi-utils	DEBUG	Starting async load of XPI database C:\Users\T967197\AppData\Local\Temp\anonymous3704883559482809364webdriver-profile\extensions.json
1507624303041	addons.xpi	DEBUG	Registering manifest for C:\Program Files (x86)\Mozilla Firefox\browser\features\loop@mozilla.org.xpi
1507624303042	addons.xpi	DEBUG	Loading bootstrap scope from C:\Program Files (x86)\Mozilla Firefox\browser\features\loop@mozilla.org.xpi
1507624303046	addons.xpi	DEBUG	Calling bootstrap method startup on loop@mozilla.org version 1.2.6
1507624303075	addons.manager	DEBUG	Registering shutdown blocker for XPIProvider
1507624303075	addons.manager	DEBUG	Provider finished startup: XPIProvider
1507624303075	addons.manager	DEBUG	Starting provider: LightweightThemeManager
1507624303075	addons.manager	DEBUG	Registering shutdown blocker for LightweightThemeManager
1507624303075	addons.manager	DEBUG	Provider finished startup: LightweightThemeManager
1507624303076	addons.manager	DEBUG	Starting provider: GMPProvider
1507624303083	addons.manager	DEBUG	Registering shutdown blocker for GMPProvider
1507624303084	addons.manager	DEBUG	Provider finished startup: GMPProvider
1507624303084	addons.manager	DEBUG	Starting provider: PluginProvider
1507624303084	addons.manager	DEBUG	Registering shutdown blocker for PluginProvider
1507624303084	addons.manager	DEBUG	Provider finished startup: PluginProvider
1507624303085	addons.manager	DEBUG	Completed startup sequence
1507624303342	addons.xpi-utils	DEBUG	Async JSON file read took 0 MS
1507624303342	addons.xpi-utils	DEBUG	Finished async read of XPI database, parsing...
1507624303344	addons.xpi-utils	DEBUG	Successfully read XPI database
1507624303356	addons.manager	DEBUG	Starting provider: <unnamed-provider>
1507624303356	addons.manager	DEBUG	Registering shutdown blocker for <unnamed-provider>
1507624303356	addons.manager	DEBUG	Provider finished startup: <unnamed-provider>
*** Blocklist::_loadBlocklistFromFile: blocklist is disabled
1507624303631	addons.manager	DEBUG	Starting provider: PreviousExperimentProvider
1507624303631	addons.manager	DEBUG	Registering shutdown blocker for PreviousExperimentProvider
1507624303631	addons.manager	DEBUG	Provider finished startup: PreviousExperimentProvider

	at org.openqa.selenium.firefox.internal.NewProfileExtensionConnection.start(NewProfileExtensionConnection.java:118)
	... 34 more
]]>
            </full-stacktrace>
          </exception> <!-- org.openqa.selenium.WebDriverException -->
          <reporter-output>
          </reporter-output>
        </test-method> <!-- createNewconnect -->
        <test-method status="PASS" signature="beforeMethod(java.lang.reflect.Method)[pri:0, instance:com.selenium.tests.OrderManagement.ORderManagementTest@42e26948]" name="beforeMethod" is-config="true" duration-ms="0" started-at="2017-10-10T14:01:35Z" finished-at="2017-10-10T14:01:35Z">
          <params>
            <param index="0">
              <value>
                <![CDATA[public void com.selenium.tests.OrderManagement.ORderManagementTest.createNewconnect()]]>
              </value>
            </param>
          </params>
          <reporter-output>
          </reporter-output>
        </test-method> <!-- beforeMethod -->
        <test-method status="PASS" signature="afterMethod(org.testng.ITestResult)[pri:0, instance:com.selenium.tests.OrderManagement.ORderManagementTest@42e26948]" name="afterMethod" is-config="true" duration-ms="733" started-at="2017-10-10T14:02:28Z" finished-at="2017-10-10T14:02:28Z">
          <params>
            <param index="0">
              <value>
                <![CDATA[[TestResult name=createNewconnect status=FAILURE method=ORderManagementTest.createNewconnect()[pri:0, instance:com.selenium.tests.OrderManagement.ORderManagementTest@42e26948] output={null}]]]>
              </value>
            </param>
          </params>
          <reporter-output>
          </reporter-output>
        </test-method> <!-- afterMethod -->
        <test-method status="FAIL" signature="afterTest()[pri:0, instance:com.selenium.tests.OrderManagement.ORderManagementTest@42e26948]" name="afterTest" is-config="true" duration-ms="0" started-at="2017-10-10T14:02:28Z" finished-at="2017-10-10T14:02:28Z">
          <exception class="java.lang.NullPointerException">
            <full-stacktrace>
              <![CDATA[java.lang.NullPointerException
	at com.selenium.helpers.GenericTest.FilesCount(GenericTest.java:243)
	at com.selenium.helpers.GenericTest.ScreenshotToPDf(GenericTest.java:183)
	at com.selenium.helpers.ExtentReportUtil.afterTest(ExtentReportUtil.java:115)
	at sun.reflect.NativeMethodAccessorImpl.invoke0(Native Method)
	at sun.reflect.NativeMethodAccessorImpl.invoke(NativeMethodAccessorImpl.java:62)
	at sun.reflect.DelegatingMethodAccessorImpl.invoke(DelegatingMethodAccessorImpl.java:43)
	at java.lang.reflect.Method.invoke(Method.java:498)
	at org.testng.internal.MethodInvocationHelper.invokeMethod(MethodInvocationHelper.java:85)
	at org.testng.internal.Invoker.invokeConfigurationMethod(Invoker.java:510)
	at org.testng.internal.Invoker.invokeConfigurations(Invoker.java:211)
	at org.testng.internal.Invoker.invokeConfigurations(Invoker.java:138)
	at org.testng.internal.TestMethodWorker.invokeAfterClassMethods(TestMethodWorker.java:220)
	at org.testng.internal.TestMethodWorker.run(TestMethodWorker.java:111)
	at org.testng.TestRunner.privateRun(TestRunner.java:773)
	at org.testng.TestRunner.run(TestRunner.java:623)
	at org.testng.SuiteRunner.runTest(SuiteRunner.java:357)
	at org.testng.SuiteRunner.runSequentially(SuiteRunner.java:352)
	at org.testng.SuiteRunner.privateRun(SuiteRunner.java:310)
	at org.testng.SuiteRunner.run(SuiteRunner.java:259)
	at org.testng.SuiteRunnerWorker.runSuite(SuiteRunnerWorker.java:52)
	at org.testng.SuiteRunnerWorker.run(SuiteRunnerWorker.java:86)
	at org.testng.TestNG.runSuitesSequentially(TestNG.java:1185)
	at org.testng.TestNG.runSuitesLocally(TestNG.java:1110)
	at org.testng.TestNG.run(TestNG.java:1018)
	at org.testng.remote.AbstractRemoteTestNG.run(AbstractRemoteTestNG.java:132)
	at org.testng.remote.RemoteTestNG.initAndRun(RemoteTestNG.java:230)
	at org.testng.remote.RemoteTestNG.main(RemoteTestNG.java:76)
]]>
            </full-stacktrace>
          </exception> <!-- java.lang.NullPointerException -->
          <reporter-output>
          </reporter-output>
        </test-method> <!-- afterTest -->
      </class> <!-- com.selenium.tests.OrderManagement.ORderManagementTest -->
    </test> <!-- Default test -->
  </suite> <!-- Default suite -->
</testng-results>
